<?xml version="1.0" encoding="UTF-8"?>
<!-- Generated by org.testng.reporters.JUnitReportReporter -->
<testsuite skipped="0" hostname="USHYDEBANBHATT5" name="com.roche.HPV_BrokenLinks.BrokenLinks" tests="3" failures="0" timestamp="02 Sep 2018 07:22:05 GMT" time="416.651" errors="0">
  <testcase name="Test" time="19.374" classname="com.roche.HPV_BrokenLinks.BrokenLinks"/>
  <testcase name="Test" time="289.592" classname="com.roche.HPV_BrokenLinks.BrokenLinks"/>
  <testcase name="Test" time="107.685" classname="com.roche.HPV_BrokenLinks.BrokenLinks"/>
</testsuite> <!-- com.roche.HPV_BrokenLinks.BrokenLinks -->
