<?xml version="1.0" encoding="UTF-8"?>
<!-- Generated by org.testng.reporters.JUnitReportReporter -->
<testsuite skipped="0" hostname="USHYDEBANBHATT5" name="com.roche.HPV_BrokenLinks.FiloTest" tests="1" failures="0" timestamp="01 Sep 2018 17:06:40 GMT" time="0.815" errors="0">
  <testcase name="test" time="0.815" classname="com.roche.HPV_BrokenLinks.FiloTest"/>
</testsuite> <!-- com.roche.HPV_BrokenLinks.FiloTest -->
