<?xml version="1.0" encoding="UTF-8"?>
<!-- Generated by org.testng.reporters.JUnitReportReporter -->
<testsuite skipped="0" hostname="USHYDEBANBHATT5" name="com.roche.HPV_BrokenLinks.TestBrokenLinks" tests="2" failures="0" timestamp="02 Sep 2018 14:35:35 GMT" time="197.118" errors="0">
  <testcase name="Test" time="26.245" classname="com.roche.HPV_BrokenLinks.TestBrokenLinks"/>
  <testcase name="Test" time="170.873" classname="com.roche.HPV_BrokenLinks.TestBrokenLinks"/>
</testsuite> <!-- com.roche.HPV_BrokenLinks.TestBrokenLinks -->
